#
# A fatal error has been detected by the Java Runtime Environment:
#
#  EXCEPTION_ACCESS_VIOLATION (0xc0000005) at pc=0x617ea030, pid=5360, tid=348
#
# JRE version: 7.0_10-b18
# Java VM: Java HotSpot(TM) Client VM (23.6-b04 mixed mode, sharing windows-x86 )
# Problematic frame:
# C  [ig7icd32.dll+0x2a030]
#
# Failed to write core dump. Minidumps are not enabled by default on client versions of Windows
#
# If you would like to submit a bug report, please visit:
#   http://bugreport.sun.com/bugreport/crash.jsp
# The crash happened outside the Java Virtual Machine in native code.
# See problematic frame for where to report the bug.
#

---------------  T H R E A D  ---------------

Current thread (0x04c69c00):  JavaThread "LWJGL Application" [_thread_in_native, id=348, stack(0x044e0000,0x04530000)]

siginfo: ExceptionCode=0xc0000005, reading address 0x04db8000

Registers:
EAX=0x00001c03, EBX=0x00549728, ECX=0x00000000, EDX=0x04db7ff8
ESP=0x0452d134, EBP=0x00000014, ESI=0x000e0888, EDI=0x0711f700
EIP=0x617ea030, EFLAGS=0x00010207

Top of Stack: (sp=0x0452d134)
0x0452d134:   06a00050 0452d1dc 617e833c 000e0888
0x0452d144:   06a00050 06a5b390 0452f300 06a5b388
0x0452d154:   00000000 04570460 000e0894 0452d1dc
0x0452d164:   00010000 00000000 06afa430 00000000
0x0452d174:   00000000 00000000 294251aa 00000000
0x0452d184:   00000000 06a0ec68 00000006 00000002
0x0452d194:   00000000 06a0ec94 fffbcd64 06a00050
0x0452d1a4:   00000010 067520a0 00000008 000e0888 

Instructions: (pc=0x617ea030)
0x617ea010:   f1 8b c6 c1 e8 07 f6 c2 0f 0f 84 97 00 00 00 85
0x617ea020:   c0 74 64 eb 0b 8d a4 24 00 00 00 00 8d 64 24 00
0x617ea030:   f3 0f 6f 3a f3 0f 6f 72 10 f3 0f 6f 6a 20 f3 0f
0x617ea040:   6f 62 30 f3 0f 6f 5a 40 f3 0f 6f 52 50 f3 0f 6f 


Register to memory mapping:

EAX=0x00001c03 is an unknown value
EBX=0x00549728 is an unknown value
ECX=0x00000000 is an unknown value
EDX=0x04db7ff8 is an unknown value
ESP=0x0452d134 is pointing into the stack for thread: 0x04c69c00
EBP=0x00000014 is an unknown value
ESI=0x000e0888 is an unknown value
EDI=0x0711f700 is an unknown value


Stack: [0x044e0000,0x04530000],  sp=0x0452d134,  free space=308k
Native frames: (J=compiled Java code, j=interpreted, Vv=VM code, C=native code)
C  [ig7icd32.dll+0x2a030]

[error occurred during error reporting (printing native stack), id 0xc0000005]

Java frames: (J=compiled Java code, j=interpreted, Vv=VM code)
J  org.lwjgl.opengl.GL11.nglDrawElements(IIIJJ)V
J  org.lwjgl.opengl.GL11.glDrawElements(ILjava/nio/ShortBuffer;)V
J  com.badlogic.gdx.backends.lwjgl.LwjglGL10.glDrawElements(IIILjava/nio/Buffer;)V
J  com.badlogic.gdx.graphics.Mesh.render(III)V
J  com.badlogic.gdx.graphics.g2d.SpriteBatch.renderMesh()V
J  com.badlogic.gdx.graphics.g2d.SpriteBatch.draw(Lcom/badlogic/gdx/graphics/Texture;[FII)V
J  com.badlogic.gdx.graphics.g2d.Sprite.draw(Lcom/badlogic/gdx/graphics/g2d/SpriteBatch;)V
j  com.me.januarygame.enemies.EnemyEntity.render(FLcom/badlogic/gdx/graphics/g2d/SpriteBatch;)V+67
J  com.me.januarygame.rendering.GameScreen.render(F)V
j  com.badlogic.gdx.Game.render()V+19
j  com.badlogic.gdx.backends.lwjgl.LwjglApplication.mainLoop()V+501
j  com.badlogic.gdx.backends.lwjgl.LwjglApplication$1.run()V+27
v  ~StubRoutines::call_stub

---------------  P R O C E S S  ---------------

Java Threads: ( => current thread )
  0x04cbb400 JavaThread "LWJGL Timer" daemon [_thread_blocked, id=4668, stack(0x05f30000,0x05f80000)]
  0x01e6b400 JavaThread "DestroyJavaVM" [_thread_blocked, id=2648, stack(0x008c0000,0x00910000)]
=>0x04c69c00 JavaThread "LWJGL Application" [_thread_in_native, id=348, stack(0x044e0000,0x04530000)]
  0x0240b800 JavaThread "Service Thread" daemon [_thread_blocked, id=3444, stack(0x04b30000,0x04b80000)]
  0x02406800 JavaThread "C1 CompilerThread0" daemon [_thread_blocked, id=1288, stack(0x04ac0000,0x04b10000)]
  0x02405400 JavaThread "Attach Listener" daemon [_thread_blocked, id=5980, stack(0x049c0000,0x04a10000)]
  0x02402000 JavaThread "Signal Dispatcher" daemon [_thread_blocked, id=4468, stack(0x047a0000,0x047f0000)]
  0x023edc00 JavaThread "Finalizer" daemon [_thread_blocked, id=1652, stack(0x01e80000,0x01ed0000)]
  0x023ec400 JavaThread "Reference Handler" daemon [_thread_blocked, id=5328, stack(0x04720000,0x04770000)]

Other Threads:
  0x023eb000 VMThread [stack: 0x04690000,0x046e0000] [id=5548]
  0x0241e000 WatcherThread [stack: 0x04a60000,0x04ab0000] [id=1632]

VM state:not at safepoint (normal execution)

VM Mutex/Monitor currently owned by a thread: None

Heap
 def new generation   total 4928K, used 711K [0x23fd0000, 0x24520000, 0x29520000)
  eden space 4416K,   4% used [0x23fd0000, 0x24001c88, 0x24420000)
  from space 512K, 100% used [0x24420000, 0x244a0000, 0x244a0000)
  to   space 512K,   0% used [0x244a0000, 0x244a0000, 0x24520000)
 tenured generation   total 10944K, used 1313K [0x29520000, 0x29fd0000, 0x33fd0000)
   the space 10944K,  12% used [0x29520000, 0x296685e8, 0x29668600, 0x29fd0000)
 compacting perm gen  total 12288K, used 1617K [0x33fd0000, 0x34bd0000, 0x37fd0000)
   the space 12288K,  13% used [0x33fd0000, 0x34164478, 0x34164600, 0x34bd0000)
    ro space 10240K,  42% used [0x37fd0000, 0x384108b0, 0x38410a00, 0x389d0000)
    rw space 12288K,  54% used [0x389d0000, 0x39050bf8, 0x39050c00, 0x395d0000)

Card table byte_map: [0x04420000,0x044d0000] byte_map_base: 0x04300180

Polling page: 0x00180000

Code Cache  [0x02420000, 0x02508000, 0x04420000)
 total_blobs=439 nmethods=212 adapters=162 free_code_cache=31855Kb largest_free_block=32619712

Compilation events (10 events):
Event: 8.123 Thread 0x02406800  208  s          org.lwjgl.opengl.EventQueue::copyEvents (77 bytes)
Event: 8.124 Thread 0x02406800 nmethod 208 0x025030c8 code [0x02503200, 0x02503490]
Event: 8.909 Thread 0x02406800  209             java.lang.ref.Reference::get (5 bytes)
Event: 8.909 Thread 0x02406800 nmethod 209 0x02503648 code [0x02503740, 0x025037c0]
Event: 9.390 Thread 0x02406800  210             com.badlogic.gdx.graphics.g2d.Sprite::setPosition (17 bytes)
Event: 9.391 Thread 0x02406800 nmethod 210 0x02503808 code [0x02503900, 0x0250399c]
Event: 9.391 Thread 0x02406800  211             com.badlogic.gdx.graphics.g2d.Sprite::translate (95 bytes)
Event: 9.391 Thread 0x02406800 nmethod 211 0x02503a08 code [0x02503b20, 0x02503de0]
Event: 9.691 Thread 0x02406800  212             com.badlogic.gdx.math.Rectangle::contains (129 bytes)
Event: 9.691 Thread 0x02406800 nmethod 212 0x02504088 code [0x02504180, 0x025042d0]

GC Heap History (4 events):
Event: 1.702 GC heap before
{Heap before GC invocations=0 (full 0):
 def new generation   total 4928K, used 4298K [0x23fd0000, 0x24520000, 0x29520000)
  eden space 4416K,  97% used [0x23fd0000, 0x24402898, 0x24420000)
  from space 512K,   0% used [0x24420000, 0x24420000, 0x244a0000)
  to   space 512K,   0% used [0x244a0000, 0x244a0000, 0x24520000)
 tenured generation   total 10944K, used 0K [0x29520000, 0x29fd0000, 0x33fd0000)
   the space 10944K,   0% used [0x29520000, 0x29520000, 0x29520200, 0x29fd0000)
 compacting perm gen  total 12288K, used 843K [0x33fd0000, 0x34bd0000, 0x37fd0000)
   the space 12288K,   6% used [0x33fd0000, 0x340a2fe8, 0x340a3000, 0x34bd0000)
    ro space 10240K,  42% used [0x37fd0000, 0x384108b0, 0x38410a00, 0x389d0000)
    rw space 12288K,  54% used [0x389d0000, 0x39050bf8, 0x39050c00, 0x395d0000)
Event: 1.707 GC heap after
Heap after GC invocations=1 (full 0):
 def new generation   total 4928K, used 512K [0x23fd0000, 0x24520000, 0x29520000)
  eden space 4416K,   0% used [0x23fd0000, 0x23fd0000, 0x24420000)
  from space 512K, 100% used [0x244a0000, 0x24520000, 0x24520000)
  to   space 512K,   0% used [0x24420000, 0x24420000, 0x244a0000)
 tenured generation   total 10944K, used 626K [0x29520000, 0x29fd0000, 0x33fd0000)
   the space 10944K,   5% used [0x29520000, 0x295bcbc0, 0x295bcc00, 0x29fd0000)
 compacting perm gen  total 12288K, used 843K [0x33fd0000, 0x34bd0000, 0x37fd0000)
   the space 12288K,   6% used [0x33fd0000, 0x340a2fe8, 0x340a3000, 0x34bd0000)
    ro space 10240K,  42% used [0x37fd0000, 0x384108b0, 0x38410a00, 0x389d0000)
    rw space 12288K,  54% used [0x389d0000, 0x39050bf8, 0x39050c00, 0x395d0000)
}
Event: 8.896 GC heap before
{Heap before GC invocations=1 (full 0):
 def new generation   total 4928K, used 4928K [0x23fd0000, 0x24520000, 0x29520000)
  eden space 4416K, 100% used [0x23fd0000, 0x24420000, 0x24420000)
  from space 512K, 100% used [0x244a0000, 0x24520000, 0x24520000)
  to   space 512K,   0% used [0x24420000, 0x24420000, 0x244a0000)
 tenured generation   total 10944K, used 626K [0x29520000, 0x29fd0000, 0x33fd0000)
   the space 10944K,   5% used [0x29520000, 0x295bcbc0, 0x295bcc00, 0x29fd0000)
 compacting perm gen  total 12288K, used 1617K [0x33fd0000, 0x34bd0000, 0x37fd0000)
   the space 12288K,  13% used [0x33fd0000, 0x34164478, 0x34164600, 0x34bd0000)
    ro space 10240K,  42% used [0x37fd0000, 0x384108b0, 0x38410a00, 0x389d0000)
    rw space 12288K,  54% used [0x389d0000, 0x39050bf8, 0x39050c00, 0x395d0000)
Event: 8.903 GC heap after
Heap after GC invocations=2 (full 0):
 def new generation   total 4928K, used 512K [0x23fd0000, 0x24520000, 0x29520000)
  eden space 4416K,   0% used [0x23fd0000, 0x23fd0000, 0x24420000)
  from space 512K, 100% used [0x24420000, 0x244a0000, 0x244a0000)
  to   space 512K,   0% used [0x244a0000, 0x244a0000, 0x24520000)
 tenured generation   total 10944K, used 1313K [0x29520000, 0x29fd0000, 0x33fd0000)
   the space 10944K,  12% used [0x29520000, 0x296685e8, 0x29668600, 0x29fd0000)
 compacting perm gen  total 12288K, used 1617K [0x33fd0000, 0x34bd0000, 0x37fd0000)
   the space 12288K,  13% used [0x33fd0000, 0x34164478, 0x34164600, 0x34bd0000)
    ro space 10240K,  42% used [0x37fd0000, 0x384108b0, 0x38410a00, 0x389d0000)
    rw space 12288K,  54% used [0x389d0000, 0x39050bf8, 0x39050c00, 0x395d0000)
}

Deoptimization events (0 events):
No events

Internal exceptions (10 events):
Event: 2.847 Thread 0x04c69c00 Threw 0x242c9988 at C:\jdk7u2_32P\jdk7u10\hotspot\src\share\vm\prims\jvm.cpp:1166
Event: 2.849 Thread 0x04c69c00 Threw 0x242d1340 at C:\jdk7u2_32P\jdk7u10\hotspot\src\share\vm\prims\jvm.cpp:1166
Event: 2.908 Thread 0x04c69c00 Threw 0x2431a500 at C:\jdk7u2_32P\jdk7u10\hotspot\src\share\vm\prims\jvm.cpp:1166
Event: 2.908 Thread 0x04c69c00 Threw 0x2431d240 at C:\jdk7u2_32P\jdk7u10\hotspot\src\share\vm\prims\jvm.cpp:1166
Event: 2.923 Thread 0x04c69c00 Threw 0x2437c0b8 at C:\jdk7u2_32P\jdk7u10\hotspot\src\share\vm\prims\jvm.cpp:1166
Event: 2.924 Thread 0x04c69c00 Threw 0x24380288 at C:\jdk7u2_32P\jdk7u10\hotspot\src\share\vm\prims\jvm.cpp:1166
Event: 2.924 Thread 0x04c69c00 Threw 0x24386ce0 at C:\jdk7u2_32P\jdk7u10\hotspot\src\share\vm\prims\jvm.cpp:1166
Event: 2.929 Thread 0x04c69c00 Threw 0x24389f68 at C:\jdk7u2_32P\jdk7u10\hotspot\src\share\vm\prims\jvm.cpp:1166
Event: 4.890 Thread 0x04c69c00 Threw 0x243af608 at C:\jdk7u2_32P\jdk7u10\hotspot\src\share\vm\prims\jvm.cpp:1166
Event: 4.894 Thread 0x04c69c00 Threw 0x243b9418 at C:\jdk7u2_32P\jdk7u10\hotspot\src\share\vm\prims\jvm.cpp:1166

Events (10 events):
Event: 8.910 Executing VM operation: RevokeBias
Event: 8.910 Executing VM operation: RevokeBias done
Event: 8.910 Executing VM operation: RevokeBias
Event: 8.910 Executing VM operation: RevokeBias done
Event: 8.910 Executing VM operation: RevokeBias
Event: 8.911 Executing VM operation: RevokeBias done
Event: 8.911 Executing VM operation: BulkRevokeBias
Event: 8.911 Executing VM operation: BulkRevokeBias done
Event: 8.911 Executing VM operation: RevokeBias
Event: 8.911 Executing VM operation: RevokeBias done


Dynamic libraries:
0x00950000 - 0x0097f000 	C:\Program Files (x86)\Java\jre7\bin\javaw.exe
0x77840000 - 0x779c0000 	C:\Windows\SysWOW64\ntdll.dll
0x75d80000 - 0x75e90000 	C:\Windows\syswow64\kernel32.dll
0x75ae0000 - 0x75b27000 	C:\Windows\syswow64\KERNELBASE.dll
0x75360000 - 0x75400000 	C:\Windows\syswow64\ADVAPI32.dll
0x75e90000 - 0x75f3c000 	C:\Windows\syswow64\msvcrt.dll
0x76030000 - 0x76049000 	C:\Windows\SysWOW64\sechost.dll
0x75f40000 - 0x76030000 	C:\Windows\syswow64\RPCRT4.dll
0x74f20000 - 0x74f80000 	C:\Windows\syswow64\SspiCli.dll
0x74f10000 - 0x74f1c000 	C:\Windows\syswow64\CRYPTBASE.dll
0x75b30000 - 0x75c30000 	C:\Windows\syswow64\USER32.dll
0x74fc0000 - 0x75050000 	C:\Windows\syswow64\GDI32.dll
0x75a30000 - 0x75a3a000 	C:\Windows\syswow64\LPK.dll
0x76050000 - 0x760ed000 	C:\Windows\syswow64\USP10.dll
0x71ea0000 - 0x7203e000 	C:\Windows\WinSxS\x86_microsoft.windows.common-controls_6595b64144ccf1df_6.0.7601.17514_none_41e6975e2bd6f2b2\COMCTL32.dll
0x75c30000 - 0x75c87000 	C:\Windows\syswow64\SHLWAPI.dll
0x75d20000 - 0x75d80000 	C:\Windows\system32\IMM32.DLL
0x760f0000 - 0x761bc000 	C:\Windows\syswow64\MSCTF.dll
0x72040000 - 0x72075000 	C:\Windows\SysWOW64\nvinit.dll
0x748b0000 - 0x7496d000 	C:\Program Files (x86)\Java\jre7\bin\msvcr100.dll
0x67350000 - 0x6769c000 	C:\Program Files (x86)\Java\jre7\bin\client\jvm.dll
0x71800000 - 0x71807000 	C:\Windows\system32\WSOCK32.dll
0x74f80000 - 0x74fb5000 	C:\Windows\syswow64\WS2_32.dll
0x75ad0000 - 0x75ad6000 	C:\Windows\syswow64\NSI.dll
0x718c0000 - 0x718f2000 	C:\Windows\system32\WINMM.dll
0x75760000 - 0x75765000 	C:\Windows\syswow64\PSAPI.DLL
0x679e0000 - 0x679ec000 	C:\Program Files (x86)\Java\jre7\bin\verify.dll
0x679c0000 - 0x679e0000 	C:\Program Files (x86)\Java\jre7\bin\java.dll
0x679a0000 - 0x679b3000 	C:\Program Files (x86)\Java\jre7\bin\zip.dll
0x6cec0000 - 0x6cf3f000 	C:\Users\Kevin\AppData\Local\Temp\libgdxKevin\1887559108\gdx.dll
0x10000000 - 0x1004c000 	C:\Users\Kevin\AppData\Local\Temp\libgdxKevin\658158746\lwjgl.dll
0x73690000 - 0x73758000 	C:\Windows\system32\OPENGL32.dll
0x74880000 - 0x748a2000 	C:\Windows\system32\GLU32.dll
0x735a0000 - 0x73687000 	C:\Windows\system32\DDRAW.dll
0x74870000 - 0x74876000 	C:\Windows\system32\DCIMAN32.dll
0x75050000 - 0x751ed000 	C:\Windows\syswow64\SETUPAPI.dll
0x75730000 - 0x75757000 	C:\Windows\syswow64\CFGMGR32.dll
0x75a40000 - 0x75acf000 	C:\Windows\syswow64\OLEAUT32.dll
0x755c0000 - 0x7571c000 	C:\Windows\syswow64\ole32.dll
0x75220000 - 0x75232000 	C:\Windows\syswow64\DEVOBJ.dll
0x71820000 - 0x71833000 	C:\Windows\system32\dwmapi.dll
0x74720000 - 0x74729000 	C:\Windows\system32\VERSION.dll
0x048e0000 - 0x04947000 	C:\Users\Kevin\AppData\Local\Temp\libgdxKevin\658158746\OpenAL32.dll
0x762d0000 - 0x76f1a000 	C:\Windows\syswow64\SHELL32.dll
0x71840000 - 0x718c0000 	C:\Windows\system32\uxtheme.dll
0x75c90000 - 0x75d13000 	C:\Windows\syswow64\CLBCatQ.DLL
0x6e190000 - 0x6e285000 	C:\Windows\System32\PROPSYS.dll
0x762a0000 - 0x762cd000 	C:\Windows\syswow64\WINTRUST.dll
0x75240000 - 0x7535e000 	C:\Windows\syswow64\CRYPT32.dll
0x77810000 - 0x7781c000 	C:\Windows\syswow64\MSASN1.dll
0x716b0000 - 0x71722000 	C:\Windows\system32\dsound.dll
0x74740000 - 0x74765000 	C:\Windows\system32\POWRPROF.dll
0x6e290000 - 0x6e2c9000 	C:\Windows\System32\MMDevApi.dll
0x6bb90000 - 0x6bbc6000 	C:\Windows\system32\AUDIOSES.DLL
0x617c0000 - 0x61ffd000 	C:\Windows\system32\ig7icd32.dll
0x6e0f0000 - 0x6e169000 	C:\Windows\system32\mscms.dll
0x74620000 - 0x74637000 	C:\Windows\system32\USERENV.dll
0x74730000 - 0x7473b000 	C:\Windows\system32\profapi.dll
0x73560000 - 0x73598000 	C:\Windows\system32\icm32.dll
0x6ec80000 - 0x6ed6b000 	C:\Windows\system32\dbghelp.dll

VM Arguments:
jvm_args: -Dfile.encoding=Cp1252 
java_command: com.me.january.Main
Launcher Type: SUN_STANDARD

Environment Variables:
PATH=C:/Program Files (x86)/Java/jre7/bin/client;C:/Program Files (x86)/Java/jre7/bin;C:/Program Files (x86)/Java/jre7/lib/i386;C:\Program Files (x86)\NVIDIA Corporation\PhysX\Common;C:\Program Files (x86)\Intel\iCLS Client\;C:\Program Files\Intel\iCLS Client\;C:\Program Files\Common Files\Microsoft Shared\Windows Live;C:\Program Files (x86)\Common Files\Microsoft Shared\Windows Live;C:\Windows\system32;C:\Windows;C:\Windows\System32\Wbem;C:\Windows\System32\WindowsPowerShell\v1.0\;C:\Program Files (x86)\Windows Live\Shared;C:\Program Files\Intel\Intel(R) Management Engine Components\DAL;C:\Program Files\Intel\Intel(R) Management Engine Components\IPT;C:\Program Files (x86)\Intel\Intel(R) Management Engine Components\DAL;C:\Program Files (x86)\Intel\Intel(R) Management Engine Components\IPT;C:\Program Files (x86)\Intel\OpenCL SDK\2.0\bin\x86;C:\Program Files (x86)\Intel\OpenCL SDK\2.0\bin\x64;C:\Program Files\Intel\WiFi\bin\;C:\Program Files\Common Files\Intel\WirelessCommon\;C:\Program Files\Microsoft SQL Server\110\Tools\Binn\;C:\Program Files\Intel\WiFi\bin\;C:\Program Files\Common Files\Intel\WirelessCommon\;C:\Program Files (x86)\Eclipse;
USERNAME=Kevin
OS=Windows_NT
PROCESSOR_IDENTIFIER=Intel64 Family 6 Model 58 Stepping 9, GenuineIntel



---------------  S Y S T E M  ---------------

OS: Windows 7 , 64 bit Build 7601 Service Pack 1

CPU:total 8 (4 cores per cpu, 2 threads per core) family 6 model 58 stepping 9, cmov, cx8, fxsr, mmx, sse, sse2, sse3, ssse3, sse4.1, sse4.2, popcnt, avx, ht, tsc, tscinvbit, tscinv

Memory: 4k page, physical 8282948k(5741464k free), swap 16564044k(13791220k free)

vm_info: Java HotSpot(TM) Client VM (23.6-b04) for windows-x86 JRE (1.7.0_10-b18), built on Nov 28 2012 08:34:29 by "java_re" with unknown MS VC++:1600

time: Wed Jan 16 15:12:07 2013
elapsed time: 10 seconds

