#
# A fatal error has been detected by the Java Runtime Environment:
#
#  EXCEPTION_ACCESS_VIOLATION (0xc0000005) at pc=0x62d35047, pid=6424, tid=6556
#
# JRE version: 7.0_10-b18
# Java VM: Java HotSpot(TM) Client VM (23.6-b04 mixed mode, sharing windows-x86 )
# Problematic frame:
# C  [ig7icd32.dll+0x2e5047]  DrvSetCallbackProcs+0x62f07
#
# Failed to write core dump. Minidumps are not enabled by default on client versions of Windows
#
# If you would like to submit a bug report, please visit:
#   http://bugreport.sun.com/bugreport/crash.jsp
# The crash happened outside the Java Virtual Machine in native code.
# See problematic frame for where to report the bug.
#

---------------  T H R E A D  ---------------

Current thread (0x04a4dc00):  JavaThread "LWJGL Application" [_thread_in_native, id=6556, stack(0x05270000,0x052c0000)]

siginfo: ExceptionCode=0xc0000005, writing address 0x00000020

Registers:
EAX=0x068b6110, EBX=0x068ab388, ECX=0x00000010, EDX=0x00000000
ESP=0x052bd3a4, EBP=0x052bd3ac, ESI=0x068b60d0, EDI=0x00000020
EIP=0x62d35047, EFLAGS=0x00010212

Top of Stack: (sp=0x052bd3a4)
0x052bd3a4:   ffffffff 00000000 052bf2d0 62a87483
0x052bd3b4:   00000020 068b60d0 00000040 00000004
0x052bd3c4:   06850050 00000000 04a4dc00 00000000
0x052bd3d4:   04a4dd28 0062c533 00000092 0632b5a0
0x052bd3e4:   052bd418 00000000 0638a1f0 00000000
0x052bd3f4:   00000000 068ab150 06122200 062de2f0
0x052bd404:   00000000 00000000 068ab368 00000000
0x052bd414:   0000f000 62a894a5 061222f0 0632b5a0 

Instructions: (pc=0x62d35047)
0x62d35027:   e6 0f 3b fe 5e 5f 75 05 e9 a9 82 00 00 f7 c7 03
0x62d35037:   00 00 00 75 14 c1 e9 02 83 e2 03 83 f9 08 72 29
0x62d35047:   f3 a5 ff 24 95 60 51 d3 62 8b c7 ba 03 00 00 00
0x62d35057:   83 e9 04 72 0c 83 e0 03 03 c8 ff 24 85 74 50 d3 


Register to memory mapping:

EAX=0x068b6110 is an unknown value
EBX=0x068ab388 is an unknown value
ECX=0x00000010 is an unknown value
EDX=0x00000000 is an unknown value
ESP=0x052bd3a4 is pointing into the stack for thread: 0x04a4dc00
EBP=0x052bd3ac is pointing into the stack for thread: 0x04a4dc00
ESI=0x068b60d0 is an unknown value
EDI=0x00000020 is an unknown value


Stack: [0x05270000,0x052c0000],  sp=0x052bd3a4,  free space=308k
Native frames: (J=compiled Java code, j=interpreted, Vv=VM code, C=native code)
C  [ig7icd32.dll+0x2e5047]  DrvSetCallbackProcs+0x62f07
C  [ig7icd32.dll+0x37483]
C  [ig7icd32.dll+0x20650]

Java frames: (J=compiled Java code, j=interpreted, Vv=VM code)
j  org.lwjgl.opengl.GL11.nglDrawElements(IIIJJ)V+0
j  org.lwjgl.opengl.GL11.glDrawElements(ILjava/nio/ShortBuffer;)V+34
j  com.badlogic.gdx.backends.lwjgl.LwjglGL10.glDrawElements(IIILjava/nio/Buffer;)V+21
j  com.badlogic.gdx.graphics.Mesh.render(III)V+107
j  com.badlogic.gdx.graphics.g2d.SpriteBatch.renderMesh()V+223
j  com.badlogic.gdx.graphics.g2d.SpriteBatch.switchTexture(Lcom/badlogic/gdx/graphics/Texture;)V+1
j  com.badlogic.gdx.graphics.g2d.SpriteBatch.draw(Lcom/badlogic/gdx/graphics/Texture;[FII)V+27
j  com.badlogic.gdx.graphics.g2d.Sprite.draw(Lcom/badlogic/gdx/graphics/g2d/SpriteBatch;)V+12
j  com.me.januarygame.rendering.GameScreen.render(F)V+43
j  com.badlogic.gdx.Game.render()V+19
j  com.badlogic.gdx.backends.lwjgl.LwjglApplication.mainLoop()V+501
j  com.badlogic.gdx.backends.lwjgl.LwjglApplication$1.run()V+27
v  ~StubRoutines::call_stub

---------------  P R O C E S S  ---------------

Java Threads: ( => current thread )
  0x04a4e800 JavaThread "LWJGL Timer" daemon [_thread_blocked, id=1260, stack(0x086f0000,0x08740000)]
  0x04a4e400 JavaThread "DestroyJavaVM" [_thread_blocked, id=6600, stack(0x00570000,0x005c0000)]
=>0x04a4dc00 JavaThread "LWJGL Application" [_thread_in_native, id=6556, stack(0x05270000,0x052c0000)]
  0x00adec00 JavaThread "Service Thread" daemon [_thread_blocked, id=2608, stack(0x04800000,0x04850000)]
  0x00ac6c00 JavaThread "C1 CompilerThread0" daemon [_thread_blocked, id=2240, stack(0x048f0000,0x04940000)]
  0x00ac5800 JavaThread "Attach Listener" daemon [_thread_blocked, id=5848, stack(0x04770000,0x047c0000)]
  0x00ac2400 JavaThread "Signal Dispatcher" daemon [_thread_blocked, id=1484, stack(0x01100000,0x01150000)]
  0x00ab1000 JavaThread "Finalizer" daemon [_thread_blocked, id=6272, stack(0x00360000,0x003b0000)]
  0x00aac400 JavaThread "Reference Handler" daemon [_thread_blocked, id=4740, stack(0x046c0000,0x04710000)]

Other Threads:
  0x00aaac00 VMThread [stack: 0x01160000,0x011b0000] [id=3584]
  0x0495c400 WatcherThread [stack: 0x04ce0000,0x04d30000] [id=5720]

VM state:not at safepoint (normal execution)

VM Mutex/Monitor currently owned by a thread: None

Heap
 def new generation   total 4928K, used 3923K [0x23fd0000, 0x24520000, 0x29520000)
  eden space 4416K,  77% used [0x23fd0000, 0x24324e20, 0x24420000)
  from space 512K, 100% used [0x244a0000, 0x24520000, 0x24520000)
  to   space 512K,   0% used [0x24420000, 0x24420000, 0x244a0000)
 tenured generation   total 10944K, used 626K [0x29520000, 0x29fd0000, 0x33fd0000)
   the space 10944K,   5% used [0x29520000, 0x295bcb50, 0x295bcc00, 0x29fd0000)
 compacting perm gen  total 12288K, used 1590K [0x33fd0000, 0x34bd0000, 0x37fd0000)
   the space 12288K,  12% used [0x33fd0000, 0x3415d9e8, 0x3415da00, 0x34bd0000)
    ro space 10240K,  42% used [0x37fd0000, 0x384108b0, 0x38410a00, 0x389d0000)
    rw space 12288K,  54% used [0x389d0000, 0x39050bf8, 0x39050c00, 0x395d0000)

Card table byte_map: [0x00ec0000,0x00f70000] byte_map_base: 0x00da0180

Polling page: 0x00140000

Code Cache  [0x02690000, 0x02758000, 0x04690000)
 total_blobs=350 nmethods=125 adapters=160 free_code_cache=31995Kb largest_free_block=32763520

Compilation events (10 events):
Event: 3.500 Thread 0x00ac6c00  120             org.lwjgl.opengl.ReferencesStack::getReferences (10 bytes)
Event: 3.500 Thread 0x00ac6c00 nmethod 120 0x02750488 code [0x02750580, 0x02750620]
Event: 3.833 Thread 0x00ac6c00  122             java.nio.DirectIntBufferU::put (18 bytes)
Event: 3.833 Thread 0x00ac6c00 nmethod 122 0x02750948 code [0x02750a40, 0x02750af0]
Event: 4.250 Thread 0x00ac6c00  123             java.nio.Buffer::capacity (5 bytes)
Event: 4.250 Thread 0x00ac6c00 nmethod 123 0x02750bc8 code [0x02750cc0, 0x02750d40]
Event: 5.208 Thread 0x00ac6c00  124             com.badlogic.gdx.graphics.VertexAttributes::get (7 bytes)
Event: 5.209 Thread 0x00ac6c00 nmethod 124 0x02750d88 code [0x02750e80, 0x02750f20]
Event: 5.242 Thread 0x00ac6c00  125             com.badlogic.gdx.backends.lwjgl.LwjglGraphics::isGL20Available (13 bytes)
Event: 5.242 Thread 0x00ac6c00 nmethod 125 0x02750fc8 code [0x027510c0, 0x02751150]

GC Heap History (2 events):
Event: 1.583 GC heap before
{Heap before GC invocations=0 (full 0):
 def new generation   total 4928K, used 4284K [0x23fd0000, 0x24520000, 0x29520000)
  eden space 4416K,  97% used [0x23fd0000, 0x243ff3e8, 0x24420000)
  from space 512K,   0% used [0x24420000, 0x24420000, 0x244a0000)
  to   space 512K,   0% used [0x244a0000, 0x244a0000, 0x24520000)
 tenured generation   total 10944K, used 0K [0x29520000, 0x29fd0000, 0x33fd0000)
   the space 10944K,   0% used [0x29520000, 0x29520000, 0x29520200, 0x29fd0000)
 compacting perm gen  total 12288K, used 844K [0x33fd0000, 0x34bd0000, 0x37fd0000)
   the space 12288K,   6% used [0x33fd0000, 0x340a3008, 0x340a3200, 0x34bd0000)
    ro space 10240K,  42% used [0x37fd0000, 0x384108b0, 0x38410a00, 0x389d0000)
    rw space 12288K,  54% used [0x389d0000, 0x39050bf8, 0x39050c00, 0x395d0000)
Event: 1.589 GC heap after
Heap after GC invocations=1 (full 0):
 def new generation   total 4928K, used 512K [0x23fd0000, 0x24520000, 0x29520000)
  eden space 4416K,   0% used [0x23fd0000, 0x23fd0000, 0x24420000)
  from space 512K, 100% used [0x244a0000, 0x24520000, 0x24520000)
  to   space 512K,   0% used [0x24420000, 0x24420000, 0x244a0000)
 tenured generation   total 10944K, used 626K [0x29520000, 0x29fd0000, 0x33fd0000)
   the space 10944K,   5% used [0x29520000, 0x295bcb50, 0x295bcc00, 0x29fd0000)
 compacting perm gen  total 12288K, used 844K [0x33fd0000, 0x34bd0000, 0x37fd0000)
   the space 12288K,   6% used [0x33fd0000, 0x340a3008, 0x340a3200, 0x34bd0000)
    ro space 10240K,  42% used [0x37fd0000, 0x384108b0, 0x38410a00, 0x389d0000)
    rw space 12288K,  54% used [0x389d0000, 0x39050bf8, 0x39050c00, 0x395d0000)
}

Deoptimization events (0 events):
No events

Internal exceptions (10 events):
Event: 1.790 Thread 0x04a4dc00 Threw 0x24298bf8 at C:\jdk7u2_32P\jdk7u10\hotspot\src\share\vm\prims\jvm.cpp:1166
Event: 1.791 Thread 0x04a4dc00 Threw 0x2429cdd8 at C:\jdk7u2_32P\jdk7u10\hotspot\src\share\vm\prims\jvm.cpp:1166
Event: 1.799 Thread 0x04a4dc00 Threw 0x242a0c98 at C:\jdk7u2_32P\jdk7u10\hotspot\src\share\vm\prims\jvm.cpp:1166
Event: 2.732 Thread 0x04a4dc00 Threw 0x242a5510 at C:\jdk7u2_32P\jdk7u10\hotspot\src\share\vm\prims\jvm.cpp:1166
Event: 2.734 Thread 0x04a4dc00 Threw 0x242af888 at C:\jdk7u2_32P\jdk7u10\hotspot\src\share\vm\prims\jvm.cpp:1166
Event: 2.734 Thread 0x04a4dc00 Threw 0x242b3500 at C:\jdk7u2_32P\jdk7u10\hotspot\src\share\vm\prims\jvm.cpp:1166
Event: 2.736 Thread 0x04a4dc00 Threw 0x242ba850 at C:\jdk7u2_32P\jdk7u10\hotspot\src\share\vm\prims\jvm.cpp:1166
Event: 2.766 Thread 0x04a4dc00 Threw 0x242e2fc8 at C:\jdk7u2_32P\jdk7u10\hotspot\src\share\vm\prims\jvm.cpp:1166
Event: 2.768 Thread 0x04a4dc00 Threw 0x242fd340 at C:\jdk7u2_32P\jdk7u10\hotspot\src\share\vm\prims\jvm.cpp:1166
Event: 2.778 Thread 0x04a4dc00 Threw 0x243085d8 at C:\jdk7u2_32P\jdk7u10\hotspot\src\share\vm\prims\jvm.cpp:1166

Events (10 events):
Event: 2.766 loading class 0x04966600
Event: 2.766 loading class 0x04966600 done
Event: 2.767 loading class 0x395f1590
Event: 2.767 loading class 0x395f1590 done
Event: 2.768 loading class 0x04a17b50
Event: 2.768 loading class 0x04a17b50 done
Event: 2.778 loading class 0x04a17b88
Event: 2.778 loading class 0x04a17b88 done
Event: 4.025 Executing VM operation: EnableBiasedLocking
Event: 4.025 Executing VM operation: EnableBiasedLocking done


Dynamic libraries:
0x01260000 - 0x0128f000 	C:\Program Files (x86)\Java\jre7\bin\javaw.exe
0x77cf0000 - 0x77e70000 	C:\Windows\SysWOW64\ntdll.dll
0x77100000 - 0x77210000 	C:\Windows\syswow64\kernel32.dll
0x75a10000 - 0x75a57000 	C:\Windows\syswow64\KERNELBASE.dll
0x758b0000 - 0x75950000 	C:\Windows\syswow64\ADVAPI32.dll
0x75c10000 - 0x75cbc000 	C:\Windows\syswow64\msvcrt.dll
0x75850000 - 0x75869000 	C:\Windows\SysWOW64\sechost.dll
0x75f70000 - 0x76060000 	C:\Windows\syswow64\RPCRT4.dll
0x753d0000 - 0x75430000 	C:\Windows\syswow64\SspiCli.dll
0x753c0000 - 0x753cc000 	C:\Windows\syswow64\CRYPTBASE.dll
0x77330000 - 0x77430000 	C:\Windows\syswow64\USER32.dll
0x75ce0000 - 0x75d70000 	C:\Windows\syswow64\GDI32.dll
0x75e80000 - 0x75e8a000 	C:\Windows\syswow64\LPK.dll
0x75460000 - 0x754fd000 	C:\Windows\syswow64\USP10.dll
0x72400000 - 0x7259e000 	C:\Windows\WinSxS\x86_microsoft.windows.common-controls_6595b64144ccf1df_6.0.7601.17514_none_41e6975e2bd6f2b2\COMCTL32.dll
0x759b0000 - 0x75a07000 	C:\Windows\syswow64\SHLWAPI.dll
0x75950000 - 0x759b0000 	C:\Windows\system32\IMM32.DLL
0x75e90000 - 0x75f5c000 	C:\Windows\syswow64\MSCTF.dll
0x725a0000 - 0x725d5000 	C:\Windows\SysWOW64\nvinit.dll
0x74d90000 - 0x74e4d000 	C:\Program Files (x86)\Java\jre7\bin\msvcr100.dll
0x674d0000 - 0x6781c000 	C:\Program Files (x86)\Java\jre7\bin\client\jvm.dll
0x71cb0000 - 0x71cb7000 	C:\Windows\system32\WSOCK32.dll
0x75870000 - 0x758a5000 	C:\Windows\syswow64\WS2_32.dll
0x76060000 - 0x76066000 	C:\Windows\syswow64\NSI.dll
0x71d60000 - 0x71d92000 	C:\Windows\system32\WINMM.dll
0x77cc0000 - 0x77cc5000 	C:\Windows\syswow64\PSAPI.DLL
0x73a00000 - 0x73a0c000 	C:\Program Files (x86)\Java\jre7\bin\verify.dll
0x739e0000 - 0x73a00000 	C:\Program Files (x86)\Java\jre7\bin\java.dll
0x739c0000 - 0x739d3000 	C:\Program Files (x86)\Java\jre7\bin\zip.dll
0x6cec0000 - 0x6cf3f000 	C:\Users\Kevin\AppData\Local\Temp\libgdxKevin\1887559108\gdx.dll
0x10000000 - 0x1004c000 	C:\Users\Kevin\AppData\Local\Temp\libgdxKevin\658158746\lwjgl.dll
0x74cc0000 - 0x74d88000 	C:\Windows\system32\OPENGL32.dll
0x74c90000 - 0x74cb2000 	C:\Windows\system32\GLU32.dll
0x665d0000 - 0x666b7000 	C:\Windows\system32\DDRAW.dll
0x74c80000 - 0x74c86000 	C:\Windows\system32\DCIMAN32.dll
0x76f60000 - 0x770fd000 	C:\Windows\syswow64\SETUPAPI.dll
0x75500000 - 0x75527000 	C:\Windows\syswow64\CFGMGR32.dll
0x76e20000 - 0x76eaf000 	C:\Windows\syswow64\OLEAUT32.dll
0x76cc0000 - 0x76e1c000 	C:\Windows\syswow64\ole32.dll
0x75cc0000 - 0x75cd2000 	C:\Windows\syswow64\DEVOBJ.dll
0x71cc0000 - 0x71cd3000 	C:\Windows\system32\dwmapi.dll
0x70160000 - 0x70169000 	C:\Windows\system32\VERSION.dll
0x04b40000 - 0x04ba7000 	C:\Users\Kevin\AppData\Local\Temp\libgdxKevin\658158746\OpenAL32.dll
0x76070000 - 0x76cba000 	C:\Windows\syswow64\SHELL32.dll
0x71ce0000 - 0x71d60000 	C:\Windows\system32\uxtheme.dll
0x75d70000 - 0x75df3000 	C:\Windows\syswow64\CLBCatQ.DLL
0x6cc40000 - 0x6cd35000 	C:\Windows\System32\PROPSYS.dll
0x75530000 - 0x7555d000 	C:\Windows\syswow64\WINTRUST.dll
0x75af0000 - 0x75c0e000 	C:\Windows\syswow64\CRYPT32.dll
0x75f60000 - 0x75f6c000 	C:\Windows\syswow64\MSASN1.dll
0x701b0000 - 0x70222000 	C:\Windows\system32\dsound.dll
0x70180000 - 0x701a5000 	C:\Windows\system32\POWRPROF.dll
0x6cd40000 - 0x6cd79000 	C:\Windows\System32\MMDevApi.dll
0x68d50000 - 0x68d86000 	C:\Windows\system32\AUDIOSES.DLL
0x62a50000 - 0x6328d000 	C:\Windows\system32\ig7icd32.dll
0x6cb90000 - 0x6cc09000 	C:\Windows\system32\mscms.dll
0x719f0000 - 0x71a07000 	C:\Windows\system32\USERENV.dll
0x71ca0000 - 0x71cab000 	C:\Windows\system32\profapi.dll
0x74c40000 - 0x74c78000 	C:\Windows\system32\icm32.dll
0x6d730000 - 0x6d81b000 	C:\Windows\system32\dbghelp.dll

VM Arguments:
jvm_args: -Dfile.encoding=Cp1252 
java_command: com.me.january.Main
Launcher Type: SUN_STANDARD

Environment Variables:
PATH=C:/Program Files (x86)/Java/jre7/bin/client;C:/Program Files (x86)/Java/jre7/bin;C:/Program Files (x86)/Java/jre7/lib/i386;C:\Program Files (x86)\NVIDIA Corporation\PhysX\Common;C:\Program Files (x86)\Intel\iCLS Client\;C:\Program Files\Intel\iCLS Client\;C:\Program Files\Common Files\Microsoft Shared\Windows Live;C:\Program Files (x86)\Common Files\Microsoft Shared\Windows Live;C:\Windows\system32;C:\Windows;C:\Windows\System32\Wbem;C:\Windows\System32\WindowsPowerShell\v1.0\;C:\Program Files (x86)\Windows Live\Shared;C:\Program Files\Intel\Intel(R) Management Engine Components\DAL;C:\Program Files\Intel\Intel(R) Management Engine Components\IPT;C:\Program Files (x86)\Intel\Intel(R) Management Engine Components\DAL;C:\Program Files (x86)\Intel\Intel(R) Management Engine Components\IPT;C:\Program Files (x86)\Intel\OpenCL SDK\2.0\bin\x86;C:\Program Files (x86)\Intel\OpenCL SDK\2.0\bin\x64;C:\Program Files\Intel\WiFi\bin\;C:\Program Files\Common Files\Intel\WirelessCommon\;C:\Program Files\Intel\WiFi\bin\;C:\Program Files\Common Files\Intel\WirelessCommon\;C:\Program Files (x86)\Eclipse;
USERNAME=Kevin
OS=Windows_NT
PROCESSOR_IDENTIFIER=Intel64 Family 6 Model 58 Stepping 9, GenuineIntel



---------------  S Y S T E M  ---------------

OS: Windows 7 , 64 bit Build 7601 Service Pack 1

CPU:total 8 (4 cores per cpu, 2 threads per core) family 6 model 58 stepping 9, cmov, cx8, fxsr, mmx, sse, sse2, sse3, ssse3, sse4.1, sse4.2, popcnt, avx, ht, tsc, tscinvbit, tscinv

Memory: 4k page, physical 8282948k(5598164k free), swap 16564044k(13614920k free)

vm_info: Java HotSpot(TM) Client VM (23.6-b04) for windows-x86 JRE (1.7.0_10-b18), built on Nov 28 2012 08:34:29 by "java_re" with unknown MS VC++:1600

time: Sun Jan 13 22:11:42 2013
elapsed time: 9 seconds

